\\PSF\HOME\DOCUMENTS\VISUAL STUDIO 2012\PROJECTS\DIABLOBOT\DIABLOBOT\RELEASE\DIABLOBOT.PCH
\\PSF\HOME\DOCUMENTS\VISUAL STUDIO 2012\PROJECTS\DIABLOBOT\DIABLOBOT\RELEASE\STDAFX.OBJ
\\PSF\HOME\DOCUMENTS\VISUAL STUDIO 2012\PROJECTS\DIABLOBOT\DIABLOBOT\RELEASE\VC110.PDB
\\PSF\HOME\DOCUMENTS\VISUAL STUDIO 2012\PROJECTS\DIABLOBOT\DIABLOBOT\RELEASE\DIABLOBOT.OBJ
\\PSF\HOME\DOCUMENTS\VISUAL STUDIO 2012\PROJECTS\DIABLOBOT\RELEASE\DIABLOBOT.EXE
\\PSF\HOME\DOCUMENTS\VISUAL STUDIO 2012\PROJECTS\DIABLOBOT\RELEASE\DIABLOBOT.PDB
\\psf\home\documents\visual studio 2012\Projects\DiabloBot\DiabloBot\Release\DiabloBot.obj
\\psf\home\documents\visual studio 2012\Projects\DiabloBot\DiabloBot\Release\stdafx.obj
\\psf\home\documents\visual studio 2012\Projects\DiabloBot\DiabloBot\Release\cl.command.1.tlog
\\psf\home\documents\visual studio 2012\Projects\DiabloBot\DiabloBot\Release\cl.read.1.tlog
\\psf\home\documents\visual studio 2012\Projects\DiabloBot\DiabloBot\Release\cl.write.1.tlog
\\psf\home\documents\visual studio 2012\Projects\DiabloBot\DiabloBot\Release\link-cvtres.read.1.tlog
\\psf\home\documents\visual studio 2012\Projects\DiabloBot\DiabloBot\Release\link-cvtres.write.1.tlog
\\psf\home\documents\visual studio 2012\Projects\DiabloBot\DiabloBot\Release\link-rc.read.1.tlog
\\psf\home\documents\visual studio 2012\Projects\DiabloBot\DiabloBot\Release\link-rc.write.1.tlog
\\psf\home\documents\visual studio 2012\Projects\DiabloBot\DiabloBot\Release\link.command.1.tlog
\\psf\home\documents\visual studio 2012\Projects\DiabloBot\DiabloBot\Release\link.read.1.tlog
\\psf\home\documents\visual studio 2012\Projects\DiabloBot\DiabloBot\Release\link.write.1.tlog
\\psf\home\documents\visual studio 2012\Projects\DiabloBot\DiabloBot\Release\DiabloBot.pch
\\psf\home\documents\visual studio 2012\Projects\DiabloBot\DiabloBot\Release\vc110.pdb
\\psf\home\documents\visual studio 2012\Projects\DiabloBot\Release\DiabloBot.pdb
\\psf\home\documents\visual studio 2012\Projects\DiabloBot\Release\DiabloBot.exe
